The system is: Linux - 4.15.0-45-generic - x86_64
Compiling the C compiler identification source file "CMakeCCompilerId.c" succeeded.
Compiler: /usr/bin/cc 
Build flags: 
Id flags: 

The output was:
0


Compilation of the C compiler identification source "CMakeCCompilerId.c" produced "a.out"

The C compiler identification is GNU, found in "/home/dkruger/git/StevensGameLib/src/opengl/build/CMakeFiles/3.5.1/CompilerIdC/a.out"

Compiling the CXX compiler identification source file "CMakeCXXCompilerId.cpp" succeeded.
Compiler: /usr/bin/c++ 
Build flags: 
Id flags: 

The output was:
0


Compilation of the CXX compiler identification source "CMakeCXXCompilerId.cpp" produced "a.out"

The CXX compiler identification is GNU, found in "/home/dkruger/git/StevensGameLib/src/opengl/build/CMakeFiles/3.5.1/CompilerIdCXX/a.out"

Determining if the C compiler works passed with the following output:
Change Dir: /home/dkruger/git/StevensGameLib/src/opengl/build/CMakeFiles/CMakeTmp

Run Build Command:"/usr/bin/make" "cmTC_1f41b/fast"
/usr/bin/make -f CMakeFiles/cmTC_1f41b.dir/build.make CMakeFiles/cmTC_1f41b.dir/build
make[1]: Entering directory '/home/dkruger/git/StevensGameLib/src/opengl/build/CMakeFiles/CMakeTmp'
Building C object CMakeFiles/cmTC_1f41b.dir/testCCompiler.c.o
/usr/bin/cc     -o CMakeFiles/cmTC_1f41b.dir/testCCompiler.c.o   -c /home/dkruger/git/StevensGameLib/src/opengl/build/CMakeFiles/CMakeTmp/testCCompiler.c
Linking C executable cmTC_1f41b
/usr/bin/cmake -E cmake_link_script CMakeFiles/cmTC_1f41b.dir/link.txt --verbose=1
/usr/bin/cc       CMakeFiles/cmTC_1f41b.dir/testCCompiler.c.o  -o cmTC_1f41b -rdynamic 
make[1]: Leaving directory '/home/dkruger/git/StevensGameLib/src/opengl/build/CMakeFiles/CMakeTmp'


Detecting C compiler ABI info compiled with the following output:
Change Dir: /home/dkruger/git/StevensGameLib/src/opengl/build/CMakeFiles/CMakeTmp

Run Build Command:"/usr/bin/make" "cmTC_3b49b/fast"
/usr/bin/make -f CMakeFiles/cmTC_3b49b.dir/build.make CMakeFiles/cmTC_3b49b.dir/build
make[1]: Entering directory '/home/dkruger/git/StevensGameLib/src/opengl/build/CMakeFiles/CMakeTmp'
Building C object CMakeFiles/cmTC_3b49b.dir/CMakeCCompilerABI.c.o
/usr/bin/cc     -o CMakeFiles/cmTC_3b49b.dir/CMakeCCompilerABI.c.o   -c /usr/share/cmake-3.5/Modules/CMakeCCompilerABI.c
Linking C executable cmTC_3b49b
/usr/bin/cmake -E cmake_link_script CMakeFiles/cmTC_3b49b.dir/link.txt --verbose=1
/usr/bin/cc      -v CMakeFiles/cmTC_3b49b.dir/CMakeCCompilerABI.c.o  -o cmTC_3b49b -rdynamic  
Using built-in specs.
COLLECT_GCC=/usr/bin/cc
COLLECT_LTO_WRAPPER=/usr/lib/gcc/x86_64-linux-gnu/5/lto-wrapper
Target: x86_64-linux-gnu
Configured with: ../src/configure -v --with-pkgversion='Ubuntu 5.4.0-6ubuntu1~16.04.11' --with-bugurl=file:///usr/share/doc/gcc-5/README.Bugs --enable-languages=c,ada,c++,java,go,d,fortran,objc,obj-c++ --prefix=/usr --program-suffix=-5 --enable-shared --enable-linker-build-id --libexecdir=/usr/lib --without-included-gettext --enable-threads=posix --libdir=/usr/lib --enable-nls --with-sysroot=/ --enable-clocale=gnu --enable-libstdcxx-debug --enable-libstdcxx-time=yes --with-default-libstdcxx-abi=new --enable-gnu-unique-object --disable-vtable-verify --enable-libmpx --enable-plugin --with-system-zlib --disable-browser-plugin --enable-java-awt=gtk --enable-gtk-cairo --with-java-home=/usr/lib/jvm/java-1.5.0-gcj-5-amd64/jre --enable-java-home --with-jvm-root-dir=/usr/lib/jvm/java-1.5.0-gcj-5-amd64 --with-jvm-jar-dir=/usr/lib/jvm-exports/java-1.5.0-gcj-5-amd64 --with-arch-directory=amd64 --with-ecj-jar=/usr/share/java/eclipse-ecj.jar --enable-objc-gc --enable-multiarch --disable-werror --with-arch-32=i686 --with-abi=m64 --with-multilib-list=m32,m64,mx32 --enable-multilib --with-tune=generic --enable-checking=release --build=x86_64-linux-gnu --host=x86_64-linux-gnu --target=x86_64-linux-gnu
Thread model: posix
gcc version 5.4.0 20160609 (Ubuntu 5.4.0-6ubuntu1~16.04.11) 
COMPILER_PATH=/usr/lib/gcc/x86_64-linux-gnu/5/:/usr/lib/gcc/x86_64-linux-gnu/5/:/usr/lib/gcc/x86_64-linux-gnu/:/usr/lib/gcc/x86_64-linux-gnu/5/:/usr/lib/gcc/x86_64-linux-gnu/
LIBRARY_PATH=/usr/lib/gcc/x86_64-linux-gnu/5/:/usr/lib/gcc/x86_64-linux-gnu/5/../../../x86_64-linux-gnu/:/usr/lib/gcc/x86_64-linux-gnu/5/../../../../lib/:/lib/x86_64-linux-gnu/:/lib/../lib/:/usr/lib/x86_64-linux-gnu/:/usr/lib/../lib/:/usr/lib/gcc/x86_64-linux-gnu/5/../../../:/lib/:/usr/lib/
COLLECT_GCC_OPTIONS='-v' '-o' 'cmTC_3b49b' '-rdynamic' '-mtune=generic' '-march=x86-64'
 /usr/lib/gcc/x86_64-linux-gnu/5/collect2 -plugin /usr/lib/gcc/x86_64-linux-gnu/5/liblto_plugin.so -plugin-opt=/usr/lib/gcc/x86_64-linux-gnu/5/lto-wrapper -plugin-opt=-fresolution=/tmp/ccEVLqi5.res -plugin-opt=-pass-through=-lgcc -plugin-opt=-pass-through=-lgcc_s -plugin-opt=-pass-through=-lc -plugin-opt=-pass-through=-lgcc -plugin-opt=-pass-through=-lgcc_s --sysroot=/ --build-id --eh-frame-hdr -m elf_x86_64 --hash-style=gnu --as-needed -export-dynamic -dynamic-linker /lib64/ld-linux-x86-64.so.2 -z relro -o cmTC_3b49b /usr/lib/gcc/x86_64-linux-gnu/5/../../../x86_64-linux-gnu/crt1.o /usr/lib/gcc/x86_64-linux-gnu/5/../../../x86_64-linux-gnu/crti.o /usr/lib/gcc/x86_64-linux-gnu/5/crtbegin.o -L/usr/lib/gcc/x86_64-linux-gnu/5 -L/usr/lib/gcc/x86_64-linux-gnu/5/../../../x86_64-linux-gnu -L/usr/lib/gcc/x86_64-linux-gnu/5/../../../../lib -L/lib/x86_64-linux-gnu -L/lib/../lib -L/usr/lib/x86_64-linux-gnu -L/usr/lib/../lib -L/usr/lib/gcc/x86_64-linux-gnu/5/../../.. CMakeFiles/cmTC_3b49b.dir/CMakeCCompilerABI.c.o -lgcc --as-needed -lgcc_s --no-as-needed -lc -lgcc --as-needed -lgcc_s --no-as-needed /usr/lib/gcc/x86_64-linux-gnu/5/crtend.o /usr/lib/gcc/x86_64-linux-gnu/5/../../../x86_64-linux-gnu/crtn.o
make[1]: Leaving directory '/home/dkruger/git/StevensGameLib/src/opengl/build/CMakeFiles/CMakeTmp'


Parsed C implicit link information from above output:
  link line regex: [^( *|.*[/\])(ld|([^/\]+-)?ld|collect2)[^/\]*( |$)]
  ignore line: [Change Dir: /home/dkruger/git/StevensGameLib/src/opengl/build/CMakeFiles/CMakeTmp]
  ignore line: []
  ignore line: [Run Build Command:"/usr/bin/make" "cmTC_3b49b/fast"]
  ignore line: [/usr/bin/make -f CMakeFiles/cmTC_3b49b.dir/build.make CMakeFiles/cmTC_3b49b.dir/build]
  ignore line: [make[1]: Entering directory '/home/dkruger/git/StevensGameLib/src/opengl/build/CMakeFiles/CMakeTmp']
  ignore line: [Building C object CMakeFiles/cmTC_3b49b.dir/CMakeCCompilerABI.c.o]
  ignore line: [/usr/bin/cc     -o CMakeFiles/cmTC_3b49b.dir/CMakeCCompilerABI.c.o   -c /usr/share/cmake-3.5/Modules/CMakeCCompilerABI.c]
  ignore line: [Linking C executable cmTC_3b49b]
  ignore line: [/usr/bin/cmake -E cmake_link_script CMakeFiles/cmTC_3b49b.dir/link.txt --verbose=1]
  ignore line: [/usr/bin/cc      -v CMakeFiles/cmTC_3b49b.dir/CMakeCCompilerABI.c.o  -o cmTC_3b49b -rdynamic  ]
  ignore line: [Using built-in specs.]
  ignore line: [COLLECT_GCC=/usr/bin/cc]
  ignore line: [COLLECT_LTO_WRAPPER=/usr/lib/gcc/x86_64-linux-gnu/5/lto-wrapper]
  ignore line: [Target: x86_64-linux-gnu]
  ignore line: [Configured with: ../src/configure -v --with-pkgversion='Ubuntu 5.4.0-6ubuntu1~16.04.11' --with-bugurl=file:///usr/share/doc/gcc-5/README.Bugs --enable-languages=c,ada,c++,java,go,d,fortran,objc,obj-c++ --prefix=/usr --program-suffix=-5 --enable-shared --enable-linker-build-id --libexecdir=/usr/lib --without-included-gettext --enable-threads=posix --libdir=/usr/lib --enable-nls --with-sysroot=/ --enable-clocale=gnu --enable-libstdcxx-debug --enable-libstdcxx-time=yes --with-default-libstdcxx-abi=new --enable-gnu-unique-object --disable-vtable-verify --enable-libmpx --enable-plugin --with-system-zlib --disable-browser-plugin --enable-java-awt=gtk --enable-gtk-cairo --with-java-home=/usr/lib/jvm/java-1.5.0-gcj-5-amd64/jre --enable-java-home --with-jvm-root-dir=/usr/lib/jvm/java-1.5.0-gcj-5-amd64 --with-jvm-jar-dir=/usr/lib/jvm-exports/java-1.5.0-gcj-5-amd64 --with-arch-directory=amd64 --with-ecj-jar=/usr/share/java/eclipse-ecj.jar --enable-objc-gc --enable-multiarch --disable-werror --with-arch-32=i686 --with-abi=m64 --with-multilib-list=m32,m64,mx32 --enable-multilib --with-tune=generic --enable-checking=release --build=x86_64-linux-gnu --host=x86_64-linux-gnu --target=x86_64-linux-gnu]
  ignore line: [Thread model: posix]
  ignore line: [gcc version 5.4.0 20160609 (Ubuntu 5.4.0-6ubuntu1~16.04.11) ]
  ignore line: [COMPILER_PATH=/usr/lib/gcc/x86_64-linux-gnu/5/:/usr/lib/gcc/x86_64-linux-gnu/5/:/usr/lib/gcc/x86_64-linux-gnu/:/usr/lib/gcc/x86_64-linux-gnu/5/:/usr/lib/gcc/x86_64-linux-gnu/]
  ignore line: [LIBRARY_PATH=/usr/lib/gcc/x86_64-linux-gnu/5/:/usr/lib/gcc/x86_64-linux-gnu/5/../../../x86_64-linux-gnu/:/usr/lib/gcc/x86_64-linux-gnu/5/../../../../lib/:/lib/x86_64-linux-gnu/:/lib/../lib/:/usr/lib/x86_64-linux-gnu/:/usr/lib/../lib/:/usr/lib/gcc/x86_64-linux-gnu/5/../../../:/lib/:/usr/lib/]
  ignore line: [COLLECT_GCC_OPTIONS='-v' '-o' 'cmTC_3b49b' '-rdynamic' '-mtune=generic' '-march=x86-64']
  link line: [ /usr/lib/gcc/x86_64-linux-gnu/5/collect2 -plugin /usr/lib/gcc/x86_64-linux-gnu/5/liblto_plugin.so -plugin-opt=/usr/lib/gcc/x86_64-linux-gnu/5/lto-wrapper -plugin-opt=-fresolution=/tmp/ccEVLqi5.res -plugin-opt=-pass-through=-lgcc -plugin-opt=-pass-through=-lgcc_s -plugin-opt=-pass-through=-lc -plugin-opt=-pass-through=-lgcc -plugin-opt=-pass-through=-lgcc_s --sysroot=/ --build-id --eh-frame-hdr -m elf_x86_64 --hash-style=gnu --as-needed -export-dynamic -dynamic-linker /lib64/ld-linux-x86-64.so.2 -z relro -o cmTC_3b49b /usr/lib/gcc/x86_64-linux-gnu/5/../../../x86_64-linux-gnu/crt1.o /usr/lib/gcc/x86_64-linux-gnu/5/../../../x86_64-linux-gnu/crti.o /usr/lib/gcc/x86_64-linux-gnu/5/crtbegin.o -L/usr/lib/gcc/x86_64-linux-gnu/5 -L/usr/lib/gcc/x86_64-linux-gnu/5/../../../x86_64-linux-gnu -L/usr/lib/gcc/x86_64-linux-gnu/5/../../../../lib -L/lib/x86_64-linux-gnu -L/lib/../lib -L/usr/lib/x86_64-linux-gnu -L/usr/lib/../lib -L/usr/lib/gcc/x86_64-linux-gnu/5/../../.. CMakeFiles/cmTC_3b49b.dir/CMakeCCompilerABI.c.o -lgcc --as-needed -lgcc_s --no-as-needed -lc -lgcc --as-needed -lgcc_s --no-as-needed /usr/lib/gcc/x86_64-linux-gnu/5/crtend.o /usr/lib/gcc/x86_64-linux-gnu/5/../../../x86_64-linux-gnu/crtn.o]
    arg [/usr/lib/gcc/x86_64-linux-gnu/5/collect2] ==> ignore
    arg [-plugin] ==> ignore
    arg [/usr/lib/gcc/x86_64-linux-gnu/5/liblto_plugin.so] ==> ignore
    arg [-plugin-opt=/usr/lib/gcc/x86_64-linux-gnu/5/lto-wrapper] ==> ignore
    arg [-plugin-opt=-fresolution=/tmp/ccEVLqi5.res] ==> ignore
    arg [-plugin-opt=-pass-through=-lgcc] ==> ignore
    arg [-plugin-opt=-pass-through=-lgcc_s] ==> ignore
    arg [-plugin-opt=-pass-through=-lc] ==> ignore
    arg [-plugin-opt=-pass-through=-lgcc] ==> ignore
    arg [-plugin-opt=-pass-through=-lgcc_s] ==> ignore
    arg [--sysroot=/] ==> ignore
    arg [--build-id] ==> ignore
    arg [--eh-frame-hdr] ==> ignore
    arg [-m] ==> ignore
    arg [elf_x86_64] ==> ignore
    arg [--hash-style=gnu] ==> ignore
    arg [--as-needed] ==> ignore
    arg [-export-dynamic] ==> ignore
    arg [-dynamic-linker] ==> ignore
    arg [/lib64/ld-linux-x86-64.so.2] ==> ignore
    arg [-zrelro] ==> ignore
    arg [-o] ==> ignore
    arg [cmTC_3b49b] ==> ignore
    arg [/usr/lib/gcc/x86_64-linux-gnu/5/../../../x86_64-linux-gnu/crt1.o] ==> ignore
    arg [/usr/lib/gcc/x86_64-linux-gnu/5/../../../x86_64-linux-gnu/crti.o] ==> ignore
    arg [/usr/lib/gcc/x86_64-linux-gnu/5/crtbegin.o] ==> ignore
    arg [-L/usr/lib/gcc/x86_64-linux-gnu/5] ==> dir [/usr/lib/gcc/x86_64-linux-gnu/5]
    arg [-L/usr/lib/gcc/x86_64-linux-gnu/5/../../../x86_64-linux-gnu] ==> dir [/usr/lib/gcc/x86_64-linux-gnu/5/../../../x86_64-linux-gnu]
    arg [-L/usr/lib/gcc/x86_64-linux-gnu/5/../../../../lib] ==> dir [/usr/lib/gcc/x86_64-linux-gnu/5/../../../../lib]
    arg [-L/lib/x86_64-linux-gnu] ==> dir [/lib/x86_64-linux-gnu]
    arg [-L/lib/../lib] ==> dir [/lib/../lib]
    arg [-L/usr/lib/x86_64-linux-gnu] ==> dir [/usr/lib/x86_64-linux-gnu]
    arg [-L/usr/lib/../lib] ==> dir [/usr/lib/../lib]
    arg [-L/usr/lib/gcc/x86_64-linux-gnu/5/../../..] ==> dir [/usr/lib/gcc/x86_64-linux-gnu/5/../../..]
    arg [CMakeFiles/cmTC_3b49b.dir/CMakeCCompilerABI.c.o] ==> ignore
    arg [-lgcc] ==> lib [gcc]
    arg [--as-needed] ==> ignore
    arg [-lgcc_s] ==> lib [gcc_s]
    arg [--no-as-needed] ==> ignore
    arg [-lc] ==> lib [c]
    arg [-lgcc] ==> lib [gcc]
    arg [--as-needed] ==> ignore
    arg [-lgcc_s] ==> lib [gcc_s]
    arg [--no-as-needed] ==> ignore
    arg [/usr/lib/gcc/x86_64-linux-gnu/5/crtend.o] ==> ignore
    arg [/usr/lib/gcc/x86_64-linux-gnu/5/../../../x86_64-linux-gnu/crtn.o] ==> ignore
  remove lib [gcc]
  remove lib [gcc_s]
  remove lib [gcc]
  remove lib [gcc_s]
  collapse library dir [/usr/lib/gcc/x86_64-linux-gnu/5] ==> [/usr/lib/gcc/x86_64-linux-gnu/5]
  collapse library dir [/usr/lib/gcc/x86_64-linux-gnu/5/../../../x86_64-linux-gnu] ==> [/usr/lib/x86_64-linux-gnu]
  collapse library dir [/usr/lib/gcc/x86_64-linux-gnu/5/../../../../lib] ==> [/usr/lib]
  collapse library dir [/lib/x86_64-linux-gnu] ==> [/lib/x86_64-linux-gnu]
  collapse library dir [/lib/../lib] ==> [/lib]
  collapse library dir [/usr/lib/x86_64-linux-gnu] ==> [/usr/lib/x86_64-linux-gnu]
  collapse library dir [/usr/lib/../lib] ==> [/usr/lib]
  collapse library dir [/usr/lib/gcc/x86_64-linux-gnu/5/../../..] ==> [/usr/lib]
  implicit libs: [c]
  implicit dirs: [/usr/lib/gcc/x86_64-linux-gnu/5;/usr/lib/x86_64-linux-gnu;/usr/lib;/lib/x86_64-linux-gnu;/lib]
  implicit fwks: []




Detecting C [-std=c11] compiler features compiled with the following output:
Change Dir: /home/dkruger/git/StevensGameLib/src/opengl/build/CMakeFiles/CMakeTmp

Run Build Command:"/usr/bin/make" "cmTC_2087e/fast"
/usr/bin/make -f CMakeFiles/cmTC_2087e.dir/build.make CMakeFiles/cmTC_2087e.dir/build
make[1]: Entering directory '/home/dkruger/git/StevensGameLib/src/opengl/build/CMakeFiles/CMakeTmp'
Building C object CMakeFiles/cmTC_2087e.dir/feature_tests.c.o
/usr/bin/cc    -std=c11 -o CMakeFiles/cmTC_2087e.dir/feature_tests.c.o   -c /home/dkruger/git/StevensGameLib/src/opengl/build/CMakeFiles/feature_tests.c
Linking C executable cmTC_2087e
/usr/bin/cmake -E cmake_link_script CMakeFiles/cmTC_2087e.dir/link.txt --verbose=1
/usr/bin/cc       CMakeFiles/cmTC_2087e.dir/feature_tests.c.o  -o cmTC_2087e -rdynamic 
make[1]: Leaving directory '/home/dkruger/git/StevensGameLib/src/opengl/build/CMakeFiles/CMakeTmp'


    Feature record: C_FEATURE:1c_function_prototypes
    Feature record: C_FEATURE:1c_restrict
    Feature record: C_FEATURE:1c_static_assert
    Feature record: C_FEATURE:1c_variadic_macros


Detecting C [-std=c99] compiler features compiled with the following output:
Change Dir: /home/dkruger/git/StevensGameLib/src/opengl/build/CMakeFiles/CMakeTmp

Run Build Command:"/usr/bin/make" "cmTC_48428/fast"
/usr/bin/make -f CMakeFiles/cmTC_48428.dir/build.make CMakeFiles/cmTC_48428.dir/build
make[1]: Entering directory '/home/dkruger/git/StevensGameLib/src/opengl/build/CMakeFiles/CMakeTmp'
Building C object CMakeFiles/cmTC_48428.dir/feature_tests.c.o
/usr/bin/cc    -std=c99 -o CMakeFiles/cmTC_48428.dir/feature_tests.c.o   -c /home/dkruger/git/StevensGameLib/src/opengl/build/CMakeFiles/feature_tests.c
Linking C executable cmTC_48428
/usr/bin/cmake -E cmake_link_script CMakeFiles/cmTC_48428.dir/link.txt --verbose=1
/usr/bin/cc       CMakeFiles/cmTC_48428.dir/feature_tests.c.o  -o cmTC_48428 -rdynamic 
make[1]: Leaving directory '/home/dkruger/git/StevensGameLib/src/opengl/build/CMakeFiles/CMakeTmp'


    Feature record: C_FEATURE:1c_function_prototypes
    Feature record: C_FEATURE:1c_restrict
    Feature record: C_FEATURE:0c_static_assert
    Feature record: C_FEATURE:1c_variadic_macros


Detecting C [-std=c90] compiler features compiled with the following output:
Change Dir: /home/dkruger/git/StevensGameLib/src/opengl/build/CMakeFiles/CMakeTmp

Run Build Command:"/usr/bin/make" "cmTC_f5850/fast"
/usr/bin/make -f CMakeFiles/cmTC_f5850.dir/build.make CMakeFiles/cmTC_f5850.dir/build
make[1]: Entering directory '/home/dkruger/git/StevensGameLib/src/opengl/build/CMakeFiles/CMakeTmp'
Building C object CMakeFiles/cmTC_f5850.dir/feature_tests.c.o
/usr/bin/cc    -std=c90 -o CMakeFiles/cmTC_f5850.dir/feature_tests.c.o   -c /home/dkruger/git/StevensGameLib/src/opengl/build/CMakeFiles/feature_tests.c
Linking C executable cmTC_f5850
/usr/bin/cmake -E cmake_link_script CMakeFiles/cmTC_f5850.dir/link.txt --verbose=1
/usr/bin/cc       CMakeFiles/cmTC_f5850.dir/feature_tests.c.o  -o cmTC_f5850 -rdynamic 
make[1]: Leaving directory '/home/dkruger/git/StevensGameLib/src/opengl/build/CMakeFiles/CMakeTmp'


    Feature record: C_FEATURE:1c_function_prototypes
    Feature record: C_FEATURE:0c_restrict
    Feature record: C_FEATURE:0c_static_assert
    Feature record: C_FEATURE:0c_variadic_macros
Determining if the CXX compiler works passed with the following output:
Change Dir: /home/dkruger/git/StevensGameLib/src/opengl/build/CMakeFiles/CMakeTmp

Run Build Command:"/usr/bin/make" "cmTC_090d1/fast"
/usr/bin/make -f CMakeFiles/cmTC_090d1.dir/build.make CMakeFiles/cmTC_090d1.dir/build
make[1]: Entering directory '/home/dkruger/git/StevensGameLib/src/opengl/build/CMakeFiles/CMakeTmp'
Building CXX object CMakeFiles/cmTC_090d1.dir/testCXXCompiler.cxx.o
/usr/bin/c++      -o CMakeFiles/cmTC_090d1.dir/testCXXCompiler.cxx.o -c /home/dkruger/git/StevensGameLib/src/opengl/build/CMakeFiles/CMakeTmp/testCXXCompiler.cxx
Linking CXX executable cmTC_090d1
/usr/bin/cmake -E cmake_link_script CMakeFiles/cmTC_090d1.dir/link.txt --verbose=1
/usr/bin/c++        CMakeFiles/cmTC_090d1.dir/testCXXCompiler.cxx.o  -o cmTC_090d1 -rdynamic 
make[1]: Leaving directory '/home/dkruger/git/StevensGameLib/src/opengl/build/CMakeFiles/CMakeTmp'


Detecting CXX compiler ABI info compiled with the following output:
Change Dir: /home/dkruger/git/StevensGameLib/src/opengl/build/CMakeFiles/CMakeTmp

Run Build Command:"/usr/bin/make" "cmTC_33718/fast"
/usr/bin/make -f CMakeFiles/cmTC_33718.dir/build.make CMakeFiles/cmTC_33718.dir/build
make[1]: Entering directory '/home/dkruger/git/StevensGameLib/src/opengl/build/CMakeFiles/CMakeTmp'
Building CXX object CMakeFiles/cmTC_33718.dir/CMakeCXXCompilerABI.cpp.o
/usr/bin/c++      -o CMakeFiles/cmTC_33718.dir/CMakeCXXCompilerABI.cpp.o -c /usr/share/cmake-3.5/Modules/CMakeCXXCompilerABI.cpp
Linking CXX executable cmTC_33718
/usr/bin/cmake -E cmake_link_script CMakeFiles/cmTC_33718.dir/link.txt --verbose=1
/usr/bin/c++       -v CMakeFiles/cmTC_33718.dir/CMakeCXXCompilerABI.cpp.o  -o cmTC_33718 -rdynamic  
Using built-in specs.
COLLECT_GCC=/usr/bin/c++
COLLECT_LTO_WRAPPER=/usr/lib/gcc/x86_64-linux-gnu/5/lto-wrapper
Target: x86_64-linux-gnu
Configured with: ../src/configure -v --with-pkgversion='Ubuntu 5.4.0-6ubuntu1~16.04.11' --with-bugurl=file:///usr/share/doc/gcc-5/README.Bugs --enable-languages=c,ada,c++,java,go,d,fortran,objc,obj-c++ --prefix=/usr --program-suffix=-5 --enable-shared --enable-linker-build-id --libexecdir=/usr/lib --without-included-gettext --enable-threads=posix --libdir=/usr/lib --enable-nls --with-sysroot=/ --enable-clocale=gnu --enable-libstdcxx-debug --enable-libstdcxx-time=yes --with-default-libstdcxx-abi=new --enable-gnu-unique-object --disable-vtable-verify --enable-libmpx --enable-plugin --with-system-zlib --disable-browser-plugin --enable-java-awt=gtk --enable-gtk-cairo --with-java-home=/usr/lib/jvm/java-1.5.0-gcj-5-amd64/jre --enable-java-home --with-jvm-root-dir=/usr/lib/jvm/java-1.5.0-gcj-5-amd64 --with-jvm-jar-dir=/usr/lib/jvm-exports/java-1.5.0-gcj-5-amd64 --with-arch-directory=amd64 --with-ecj-jar=/usr/share/java/eclipse-ecj.jar --enable-objc-gc --enable-multiarch --disable-werror --with-arch-32=i686 --with-abi=m64 --with-multilib-list=m32,m64,mx32 --enable-multilib --with-tune=generic --enable-checking=release --build=x86_64-linux-gnu --host=x86_64-linux-gnu --target=x86_64-linux-gnu
Thread model: posix
gcc version 5.4.0 20160609 (Ubuntu 5.4.0-6ubuntu1~16.04.11) 
COMPILER_PATH=/usr/lib/gcc/x86_64-linux-gnu/5/:/usr/lib/gcc/x86_64-linux-gnu/5/:/usr/lib/gcc/x86_64-linux-gnu/:/usr/lib/gcc/x86_64-linux-gnu/5/:/usr/lib/gcc/x86_64-linux-gnu/
LIBRARY_PATH=/usr/lib/gcc/x86_64-linux-gnu/5/:/usr/lib/gcc/x86_64-linux-gnu/5/../../../x86_64-linux-gnu/:/usr/lib/gcc/x86_64-linux-gnu/5/../../../../lib/:/lib/x86_64-linux-gnu/:/lib/../lib/:/usr/lib/x86_64-linux-gnu/:/usr/lib/../lib/:/usr/lib/gcc/x86_64-linux-gnu/5/../../../:/lib/:/usr/lib/
COLLECT_GCC_OPTIONS='-v' '-o' 'cmTC_33718' '-rdynamic' '-shared-libgcc' '-mtune=generic' '-march=x86-64'
 /usr/lib/gcc/x86_64-linux-gnu/5/collect2 -plugin /usr/lib/gcc/x86_64-linux-gnu/5/liblto_plugin.so -plugin-opt=/usr/lib/gcc/x86_64-linux-gnu/5/lto-wrapper -plugin-opt=-fresolution=/tmp/cc4cVEJo.res -plugin-opt=-pass-through=-lgcc_s -plugin-opt=-pass-through=-lgcc -plugin-opt=-pass-through=-lc -plugin-opt=-pass-through=-lgcc_s -plugin-opt=-pass-through=-lgcc --sysroot=/ --build-id --eh-frame-hdr -m elf_x86_64 --hash-style=gnu --as-needed -export-dynamic -dynamic-linker /lib64/ld-linux-x86-64.so.2 -z relro -o cmTC_33718 /usr/lib/gcc/x86_64-linux-gnu/5/../../../x86_64-linux-gnu/crt1.o /usr/lib/gcc/x86_64-linux-gnu/5/../../../x86_64-linux-gnu/crti.o /usr/lib/gcc/x86_64-linux-gnu/5/crtbegin.o -L/usr/lib/gcc/x86_64-linux-gnu/5 -L/usr/lib/gcc/x86_64-linux-gnu/5/../../../x86_64-linux-gnu -L/usr/lib/gcc/x86_64-linux-gnu/5/../../../../lib -L/lib/x86_64-linux-gnu -L/lib/../lib -L/usr/lib/x86_64-linux-gnu -L/usr/lib/../lib -L/usr/lib/gcc/x86_64-linux-gnu/5/../../.. CMakeFiles/cmTC_33718.dir/CMakeCXXCompilerABI.cpp.o -lstdc++ -lm -lgcc_s -lgcc -lc -lgcc_s -lgcc /usr/lib/gcc/x86_64-linux-gnu/5/crtend.o /usr/lib/gcc/x86_64-linux-gnu/5/../../../x86_64-linux-gnu/crtn.o
make[1]: Leaving directory '/home/dkruger/git/StevensGameLib/src/opengl/build/CMakeFiles/CMakeTmp'


Parsed CXX implicit link information from above output:
  link line regex: [^( *|.*[/\])(ld|([^/\]+-)?ld|collect2)[^/\]*( |$)]
  ignore line: [Change Dir: /home/dkruger/git/StevensGameLib/src/opengl/build/CMakeFiles/CMakeTmp]
  ignore line: []
  ignore line: [Run Build Command:"/usr/bin/make" "cmTC_33718/fast"]
  ignore line: [/usr/bin/make -f CMakeFiles/cmTC_33718.dir/build.make CMakeFiles/cmTC_33718.dir/build]
  ignore line: [make[1]: Entering directory '/home/dkruger/git/StevensGameLib/src/opengl/build/CMakeFiles/CMakeTmp']
  ignore line: [Building CXX object CMakeFiles/cmTC_33718.dir/CMakeCXXCompilerABI.cpp.o]
  ignore line: [/usr/bin/c++      -o CMakeFiles/cmTC_33718.dir/CMakeCXXCompilerABI.cpp.o -c /usr/share/cmake-3.5/Modules/CMakeCXXCompilerABI.cpp]
  ignore line: [Linking CXX executable cmTC_33718]
  ignore line: [/usr/bin/cmake -E cmake_link_script CMakeFiles/cmTC_33718.dir/link.txt --verbose=1]
  ignore line: [/usr/bin/c++       -v CMakeFiles/cmTC_33718.dir/CMakeCXXCompilerABI.cpp.o  -o cmTC_33718 -rdynamic  ]
  ignore line: [Using built-in specs.]
  ignore line: [COLLECT_GCC=/usr/bin/c++]
  ignore line: [COLLECT_LTO_WRAPPER=/usr/lib/gcc/x86_64-linux-gnu/5/lto-wrapper]
  ignore line: [Target: x86_64-linux-gnu]
  ignore line: [Configured with: ../src/configure -v --with-pkgversion='Ubuntu 5.4.0-6ubuntu1~16.04.11' --with-bugurl=file:///usr/share/doc/gcc-5/README.Bugs --enable-languages=c,ada,c++,java,go,d,fortran,objc,obj-c++ --prefix=/usr --program-suffix=-5 --enable-shared --enable-linker-build-id --libexecdir=/usr/lib --without-included-gettext --enable-threads=posix --libdir=/usr/lib --enable-nls --with-sysroot=/ --enable-clocale=gnu --enable-libstdcxx-debug --enable-libstdcxx-time=yes --with-default-libstdcxx-abi=new --enable-gnu-unique-object --disable-vtable-verify --enable-libmpx --enable-plugin --with-system-zlib --disable-browser-plugin --enable-java-awt=gtk --enable-gtk-cairo --with-java-home=/usr/lib/jvm/java-1.5.0-gcj-5-amd64/jre --enable-java-home --with-jvm-root-dir=/usr/lib/jvm/java-1.5.0-gcj-5-amd64 --with-jvm-jar-dir=/usr/lib/jvm-exports/java-1.5.0-gcj-5-amd64 --with-arch-directory=amd64 --with-ecj-jar=/usr/share/java/eclipse-ecj.jar --enable-objc-gc --enable-multiarch --disable-werror --with-arch-32=i686 --with-abi=m64 --with-multilib-list=m32,m64,mx32 --enable-multilib --with-tune=generic --enable-checking=release --build=x86_64-linux-gnu --host=x86_64-linux-gnu --target=x86_64-linux-gnu]
  ignore line: [Thread model: posix]
  ignore line: [gcc version 5.4.0 20160609 (Ubuntu 5.4.0-6ubuntu1~16.04.11) ]
  ignore line: [COMPILER_PATH=/usr/lib/gcc/x86_64-linux-gnu/5/:/usr/lib/gcc/x86_64-linux-gnu/5/:/usr/lib/gcc/x86_64-linux-gnu/:/usr/lib/gcc/x86_64-linux-gnu/5/:/usr/lib/gcc/x86_64-linux-gnu/]
  ignore line: [LIBRARY_PATH=/usr/lib/gcc/x86_64-linux-gnu/5/:/usr/lib/gcc/x86_64-linux-gnu/5/../../../x86_64-linux-gnu/:/usr/lib/gcc/x86_64-linux-gnu/5/../../../../lib/:/lib/x86_64-linux-gnu/:/lib/../lib/:/usr/lib/x86_64-linux-gnu/:/usr/lib/../lib/:/usr/lib/gcc/x86_64-linux-gnu/5/../../../:/lib/:/usr/lib/]
  ignore line: [COLLECT_GCC_OPTIONS='-v' '-o' 'cmTC_33718' '-rdynamic' '-shared-libgcc' '-mtune=generic' '-march=x86-64']
  link line: [ /usr/lib/gcc/x86_64-linux-gnu/5/collect2 -plugin /usr/lib/gcc/x86_64-linux-gnu/5/liblto_plugin.so -plugin-opt=/usr/lib/gcc/x86_64-linux-gnu/5/lto-wrapper -plugin-opt=-fresolution=/tmp/cc4cVEJo.res -plugin-opt=-pass-through=-lgcc_s -plugin-opt=-pass-through=-lgcc -plugin-opt=-pass-through=-lc -plugin-opt=-pass-through=-lgcc_s -plugin-opt=-pass-through=-lgcc --sysroot=/ --build-id --eh-frame-hdr -m elf_x86_64 --hash-style=gnu --as-needed -export-dynamic -dynamic-linker /lib64/ld-linux-x86-64.so.2 -z relro -o cmTC_33718 /usr/lib/gcc/x86_64-linux-gnu/5/../../../x86_64-linux-gnu/crt1.o /usr/lib/gcc/x86_64-linux-gnu/5/../../../x86_64-linux-gnu/crti.o /usr/lib/gcc/x86_64-linux-gnu/5/crtbegin.o -L/usr/lib/gcc/x86_64-linux-gnu/5 -L/usr/lib/gcc/x86_64-linux-gnu/5/../../../x86_64-linux-gnu -L/usr/lib/gcc/x86_64-linux-gnu/5/../../../../lib -L/lib/x86_64-linux-gnu -L/lib/../lib -L/usr/lib/x86_64-linux-gnu -L/usr/lib/../lib -L/usr/lib/gcc/x86_64-linux-gnu/5/../../.. CMakeFiles/cmTC_33718.dir/CMakeCXXCompilerABI.cpp.o -lstdc++ -lm -lgcc_s -lgcc -lc -lgcc_s -lgcc /usr/lib/gcc/x86_64-linux-gnu/5/crtend.o /usr/lib/gcc/x86_64-linux-gnu/5/../../../x86_64-linux-gnu/crtn.o]
    arg [/usr/lib/gcc/x86_64-linux-gnu/5/collect2] ==> ignore
    arg [-plugin] ==> ignore
    arg [/usr/lib/gcc/x86_64-linux-gnu/5/liblto_plugin.so] ==> ignore
    arg [-plugin-opt=/usr/lib/gcc/x86_64-linux-gnu/5/lto-wrapper] ==> ignore
    arg [-plugin-opt=-fresolution=/tmp/cc4cVEJo.res] ==> ignore
    arg [-plugin-opt=-pass-through=-lgcc_s] ==> ignore
    arg [-plugin-opt=-pass-through=-lgcc] ==> ignore
    arg [-plugin-opt=-pass-through=-lc] ==> ignore
    arg [-plugin-opt=-pass-through=-lgcc_s] ==> ignore
    arg [-plugin-opt=-pass-through=-lgcc] ==> ignore
    arg [--sysroot=/] ==> ignore
    arg [--build-id] ==> ignore
    arg [--eh-frame-hdr] ==> ignore
    arg [-m] ==> ignore
    arg [elf_x86_64] ==> ignore
    arg [--hash-style=gnu] ==> ignore
    arg [--as-needed] ==> ignore
    arg [-export-dynamic] ==> ignore
    arg [-dynamic-linker] ==> ignore
    arg [/lib64/ld-linux-x86-64.so.2] ==> ignore
    arg [-zrelro] ==> ignore
    arg [-o] ==> ignore
    arg [cmTC_33718] ==> ignore
    arg [/usr/lib/gcc/x86_64-linux-gnu/5/../../../x86_64-linux-gnu/crt1.o] ==> ignore
    arg [/usr/lib/gcc/x86_64-linux-gnu/5/../../../x86_64-linux-gnu/crti.o] ==> ignore
    arg [/usr/lib/gcc/x86_64-linux-gnu/5/crtbegin.o] ==> ignore
    arg [-L/usr/lib/gcc/x86_64-linux-gnu/5] ==> dir [/usr/lib/gcc/x86_64-linux-gnu/5]
    arg [-L/usr/lib/gcc/x86_64-linux-gnu/5/../../../x86_64-linux-gnu] ==> dir [/usr/lib/gcc/x86_64-linux-gnu/5/../../../x86_64-linux-gnu]
    arg [-L/usr/lib/gcc/x86_64-linux-gnu/5/../../../../lib] ==> dir [/usr/lib/gcc/x86_64-linux-gnu/5/../../../../lib]
    arg [-L/lib/x86_64-linux-gnu] ==> dir [/lib/x86_64-linux-gnu]
    arg [-L/lib/../lib] ==> dir [/lib/../lib]
    arg [-L/usr/lib/x86_64-linux-gnu] ==> dir [/usr/lib/x86_64-linux-gnu]
    arg [-L/usr/lib/../lib] ==> dir [/usr/lib/../lib]
    arg [-L/usr/lib/gcc/x86_64-linux-gnu/5/../../..] ==> dir [/usr/lib/gcc/x86_64-linux-gnu/5/../../..]
    arg [CMakeFiles/cmTC_33718.dir/CMakeCXXCompilerABI.cpp.o] ==> ignore
    arg [-lstdc++] ==> lib [stdc++]
    arg [-lm] ==> lib [m]
    arg [-lgcc_s] ==> lib [gcc_s]
    arg [-lgcc] ==> lib [gcc]
    arg [-lc] ==> lib [c]
    arg [-lgcc_s] ==> lib [gcc_s]
    arg [-lgcc] ==> lib [gcc]
    arg [/usr/lib/gcc/x86_64-linux-gnu/5/crtend.o] ==> ignore
    arg [/usr/lib/gcc/x86_64-linux-gnu/5/../../../x86_64-linux-gnu/crtn.o] ==> ignore
  remove lib [gcc_s]
  remove lib [gcc]
  remove lib [gcc_s]
  remove lib [gcc]
  collapse library dir [/usr/lib/gcc/x86_64-linux-gnu/5] ==> [/usr/lib/gcc/x86_64-linux-gnu/5]
  collapse library dir [/usr/lib/gcc/x86_64-linux-gnu/5/../../../x86_64-linux-gnu] ==> [/usr/lib/x86_64-linux-gnu]
  collapse library dir [/usr/lib/gcc/x86_64-linux-gnu/5/../../../../lib] ==> [/usr/lib]
  collapse library dir [/lib/x86_64-linux-gnu] ==> [/lib/x86_64-linux-gnu]
  collapse library dir [/lib/../lib] ==> [/lib]
  collapse library dir [/usr/lib/x86_64-linux-gnu] ==> [/usr/lib/x86_64-linux-gnu]
  collapse library dir [/usr/lib/../lib] ==> [/usr/lib]
  collapse library dir [/usr/lib/gcc/x86_64-linux-gnu/5/../../..] ==> [/usr/lib]
  implicit libs: [stdc++;m;c]
  implicit dirs: [/usr/lib/gcc/x86_64-linux-gnu/5;/usr/lib/x86_64-linux-gnu;/usr/lib;/lib/x86_64-linux-gnu;/lib]
  implicit fwks: []




Detecting CXX [-std=c++14] compiler features compiled with the following output:
Change Dir: /home/dkruger/git/StevensGameLib/src/opengl/build/CMakeFiles/CMakeTmp

Run Build Command:"/usr/bin/make" "cmTC_b7771/fast"
/usr/bin/make -f CMakeFiles/cmTC_b7771.dir/build.make CMakeFiles/cmTC_b7771.dir/build
make[1]: Entering directory '/home/dkruger/git/StevensGameLib/src/opengl/build/CMakeFiles/CMakeTmp'
Building CXX object CMakeFiles/cmTC_b7771.dir/feature_tests.cxx.o
/usr/bin/c++     -std=c++14 -o CMakeFiles/cmTC_b7771.dir/feature_tests.cxx.o -c /home/dkruger/git/StevensGameLib/src/opengl/build/CMakeFiles/feature_tests.cxx
Linking CXX executable cmTC_b7771
/usr/bin/cmake -E cmake_link_script CMakeFiles/cmTC_b7771.dir/link.txt --verbose=1
/usr/bin/c++        CMakeFiles/cmTC_b7771.dir/feature_tests.cxx.o  -o cmTC_b7771 -rdynamic 
make[1]: Leaving directory '/home/dkruger/git/StevensGameLib/src/opengl/build/CMakeFiles/CMakeTmp'


    Feature record: CXX_FEATURE:1cxx_aggregate_default_initializers
    Feature record: CXX_FEATURE:1cxx_alias_templates
    Feature record: CXX_FEATURE:1cxx_alignas
    Feature record: CXX_FEATURE:1cxx_alignof
    Feature record: CXX_FEATURE:1cxx_attributes
    Feature record: CXX_FEATURE:1cxx_attribute_deprecated
    Feature record: CXX_FEATURE:1cxx_auto_type
    Feature record: CXX_FEATURE:1cxx_binary_literals
    Feature record: CXX_FEATURE:1cxx_constexpr
    Feature record: CXX_FEATURE:1cxx_contextual_conversions
    Feature record: CXX_FEATURE:1cxx_decltype
    Feature record: CXX_FEATURE:1cxx_decltype_auto
    Feature record: CXX_FEATURE:1cxx_decltype_incomplete_return_types
    Feature record: CXX_FEATURE:1cxx_default_function_template_args
    Feature record: CXX_FEATURE:1cxx_defaulted_functions
    Feature record: CXX_FEATURE:1cxx_defaulted_move_initializers
    Feature record: CXX_FEATURE:1cxx_delegating_constructors
    Feature record: CXX_FEATURE:1cxx_deleted_functions
    Feature record: CXX_FEATURE:1cxx_digit_separators
    Feature record: CXX_FEATURE:1cxx_enum_forward_declarations
    Feature record: CXX_FEATURE:1cxx_explicit_conversions
    Feature record: CXX_FEATURE:1cxx_extended_friend_declarations
    Feature record: CXX_FEATURE:1cxx_extern_templates
    Feature record: CXX_FEATURE:1cxx_final
    Feature record: CXX_FEATURE:1cxx_func_identifier
    Feature record: CXX_FEATURE:1cxx_generalized_initializers
    Feature record: CXX_FEATURE:1cxx_generic_lambdas
    Feature record: CXX_FEATURE:1cxx_inheriting_constructors
    Feature record: CXX_FEATURE:1cxx_inline_namespaces
    Feature record: CXX_FEATURE:1cxx_lambdas
    Feature record: CXX_FEATURE:1cxx_lambda_init_captures
    Feature record: CXX_FEATURE:1cxx_local_type_template_args
    Feature record: CXX_FEATURE:1cxx_long_long_type
    Feature record: CXX_FEATURE:1cxx_noexcept
    Feature record: CXX_FEATURE:1cxx_nonstatic_member_init
    Feature record: CXX_FEATURE:1cxx_nullptr
    Feature record: CXX_FEATURE:1cxx_override
    Feature record: CXX_FEATURE:1cxx_range_for
    Feature record: CXX_FEATURE:1cxx_raw_string_literals
    Feature record: CXX_FEATURE:1cxx_reference_qualified_functions
    Feature record: CXX_FEATURE:1cxx_relaxed_constexpr
    Feature record: CXX_FEATURE:1cxx_return_type_deduction
    Feature record: CXX_FEATURE:1cxx_right_angle_brackets
    Feature record: CXX_FEATURE:1cxx_rvalue_references
    Feature record: CXX_FEATURE:1cxx_sizeof_member
    Feature record: CXX_FEATURE:1cxx_static_assert
    Feature record: CXX_FEATURE:1cxx_strong_enums
    Feature record: CXX_FEATURE:1cxx_template_template_parameters
    Feature record: CXX_FEATURE:1cxx_thread_local
    Feature record: CXX_FEATURE:1cxx_trailing_return_types
    Feature record: CXX_FEATURE:1cxx_unicode_literals
    Feature record: CXX_FEATURE:1cxx_uniform_initialization
    Feature record: CXX_FEATURE:1cxx_unrestricted_unions
    Feature record: CXX_FEATURE:1cxx_user_literals
    Feature record: CXX_FEATURE:1cxx_variable_templates
    Feature record: CXX_FEATURE:1cxx_variadic_macros
    Feature record: CXX_FEATURE:1cxx_variadic_templates


Detecting CXX [-std=c++11] compiler features compiled with the following output:
Change Dir: /home/dkruger/git/StevensGameLib/src/opengl/build/CMakeFiles/CMakeTmp

Run Build Command:"/usr/bin/make" "cmTC_4348f/fast"
/usr/bin/make -f CMakeFiles/cmTC_4348f.dir/build.make CMakeFiles/cmTC_4348f.dir/build
make[1]: Entering directory '/home/dkruger/git/StevensGameLib/src/opengl/build/CMakeFiles/CMakeTmp'
Building CXX object CMakeFiles/cmTC_4348f.dir/feature_tests.cxx.o
/usr/bin/c++     -std=c++11 -o CMakeFiles/cmTC_4348f.dir/feature_tests.cxx.o -c /home/dkruger/git/StevensGameLib/src/opengl/build/CMakeFiles/feature_tests.cxx
Linking CXX executable cmTC_4348f
/usr/bin/cmake -E cmake_link_script CMakeFiles/cmTC_4348f.dir/link.txt --verbose=1
/usr/bin/c++        CMakeFiles/cmTC_4348f.dir/feature_tests.cxx.o  -o cmTC_4348f -rdynamic 
make[1]: Leaving directory '/home/dkruger/git/StevensGameLib/src/opengl/build/CMakeFiles/CMakeTmp'


    Feature record: CXX_FEATURE:0cxx_aggregate_default_initializers
    Feature record: CXX_FEATURE:1cxx_alias_templates
    Feature record: CXX_FEATURE:1cxx_alignas
    Feature record: CXX_FEATURE:1cxx_alignof
    Feature record: CXX_FEATURE:1cxx_attributes
    Feature record: CXX_FEATURE:0cxx_attribute_deprecated
    Feature record: CXX_FEATURE:1cxx_auto_type
    Feature record: CXX_FEATURE:0cxx_binary_literals
    Feature record: CXX_FEATURE:1cxx_constexpr
    Feature record: CXX_FEATURE:0cxx_contextual_conversions
    Feature record: CXX_FEATURE:1cxx_decltype
    Feature record: CXX_FEATURE:0cxx_decltype_auto
    Feature record: CXX_FEATURE:1cxx_decltype_incomplete_return_types
    Feature record: CXX_FEATURE:1cxx_default_function_template_args
    Feature record: CXX_FEATURE:1cxx_defaulted_functions
    Feature record: CXX_FEATURE:1cxx_defaulted_move_initializers
    Feature record: CXX_FEATURE:1cxx_delegating_constructors
    Feature record: CXX_FEATURE:1cxx_deleted_functions
    Feature record: CXX_FEATURE:0cxx_digit_separators
    Feature record: CXX_FEATURE:1cxx_enum_forward_declarations
    Feature record: CXX_FEATURE:1cxx_explicit_conversions
    Feature record: CXX_FEATURE:1cxx_extended_friend_declarations
    Feature record: CXX_FEATURE:1cxx_extern_templates
    Feature record: CXX_FEATURE:1cxx_final
    Feature record: CXX_FEATURE:1cxx_func_identifier
    Feature record: CXX_FEATURE:1cxx_generalized_initializers
    Feature record: CXX_FEATURE:0cxx_generic_lambdas
    Feature record: CXX_FEATURE:1cxx_inheriting_constructors
    Feature record: CXX_FEATURE:1cxx_inline_namespaces
    Feature record: CXX_FEATURE:1cxx_lambdas
    Feature record: CXX_FEATURE:0cxx_lambda_init_captures
    Feature record: CXX_FEATURE:1cxx_local_type_template_args
    Feature record: CXX_FEATURE:1cxx_long_long_type
    Feature record: CXX_FEATURE:1cxx_noexcept
    Feature record: CXX_FEATURE:1cxx_nonstatic_member_init
    Feature record: CXX_FEATURE:1cxx_nullptr
    Feature record: CXX_FEATURE:1cxx_override
    Feature record: CXX_FEATURE:1cxx_range_for
    Feature record: CXX_FEATURE:1cxx_raw_string_literals
    Feature record: CXX_FEATURE:1cxx_reference_qualified_functions
    Feature record: CXX_FEATURE:0cxx_relaxed_constexpr
    Feature record: CXX_FEATURE:0cxx_return_type_deduction
    Feature record: CXX_FEATURE:1cxx_right_angle_brackets
    Feature record: CXX_FEATURE:1cxx_rvalue_references
    Feature record: CXX_FEATURE:1cxx_sizeof_member
    Feature record: CXX_FEATURE:1cxx_static_assert
    Feature record: CXX_FEATURE:1cxx_strong_enums
    Feature record: CXX_FEATURE:1cxx_template_template_parameters
    Feature record: CXX_FEATURE:1cxx_thread_local
    Feature record: CXX_FEATURE:1cxx_trailing_return_types
    Feature record: CXX_FEATURE:1cxx_unicode_literals
    Feature record: CXX_FEATURE:1cxx_uniform_initialization
    Feature record: CXX_FEATURE:1cxx_unrestricted_unions
    Feature record: CXX_FEATURE:1cxx_user_literals
    Feature record: CXX_FEATURE:0cxx_variable_templates
    Feature record: CXX_FEATURE:1cxx_variadic_macros
    Feature record: CXX_FEATURE:1cxx_variadic_templates


Detecting CXX [-std=c++98] compiler features compiled with the following output:
Change Dir: /home/dkruger/git/StevensGameLib/src/opengl/build/CMakeFiles/CMakeTmp

Run Build Command:"/usr/bin/make" "cmTC_f5e82/fast"
/usr/bin/make -f CMakeFiles/cmTC_f5e82.dir/build.make CMakeFiles/cmTC_f5e82.dir/build
make[1]: Entering directory '/home/dkruger/git/StevensGameLib/src/opengl/build/CMakeFiles/CMakeTmp'
Building CXX object CMakeFiles/cmTC_f5e82.dir/feature_tests.cxx.o
/usr/bin/c++     -std=c++98 -o CMakeFiles/cmTC_f5e82.dir/feature_tests.cxx.o -c /home/dkruger/git/StevensGameLib/src/opengl/build/CMakeFiles/feature_tests.cxx
Linking CXX executable cmTC_f5e82
/usr/bin/cmake -E cmake_link_script CMakeFiles/cmTC_f5e82.dir/link.txt --verbose=1
/usr/bin/c++        CMakeFiles/cmTC_f5e82.dir/feature_tests.cxx.o  -o cmTC_f5e82 -rdynamic 
make[1]: Leaving directory '/home/dkruger/git/StevensGameLib/src/opengl/build/CMakeFiles/CMakeTmp'


    Feature record: CXX_FEATURE:0cxx_aggregate_default_initializers
    Feature record: CXX_FEATURE:0cxx_alias_templates
    Feature record: CXX_FEATURE:0cxx_alignas
    Feature record: CXX_FEATURE:0cxx_alignof
    Feature record: CXX_FEATURE:0cxx_attributes
    Feature record: CXX_FEATURE:0cxx_attribute_deprecated
    Feature record: CXX_FEATURE:0cxx_auto_type
    Feature record: CXX_FEATURE:0cxx_binary_literals
    Feature record: CXX_FEATURE:0cxx_constexpr
    Feature record: CXX_FEATURE:0cxx_contextual_conversions
    Feature record: CXX_FEATURE:0cxx_decltype
    Feature record: CXX_FEATURE:0cxx_decltype_auto
    Feature record: CXX_FEATURE:0cxx_decltype_incomplete_return_types
    Feature record: CXX_FEATURE:0cxx_default_function_template_args
    Feature record: CXX_FEATURE:0cxx_defaulted_functions
    Feature record: CXX_FEATURE:0cxx_defaulted_move_initializers
    Feature record: CXX_FEATURE:0cxx_delegating_constructors
    Feature record: CXX_FEATURE:0cxx_deleted_functions
    Feature record: CXX_FEATURE:0cxx_digit_separators
    Feature record: CXX_FEATURE:0cxx_enum_forward_declarations
    Feature record: CXX_FEATURE:0cxx_explicit_conversions
    Feature record: CXX_FEATURE:0cxx_extended_friend_declarations
    Feature record: CXX_FEATURE:0cxx_extern_templates
    Feature record: CXX_FEATURE:0cxx_final
    Feature record: CXX_FEATURE:0cxx_func_identifier
    Feature record: CXX_FEATURE:0cxx_generalized_initializers
    Feature record: CXX_FEATURE:0cxx_generic_lambdas
    Feature record: CXX_FEATURE:0cxx_inheriting_constructors
    Feature record: CXX_FEATURE:0cxx_inline_namespaces
    Feature record: CXX_FEATURE:0cxx_lambdas
    Feature record: CXX_FEATURE:0cxx_lambda_init_captures
    Feature record: CXX_FEATURE:0cxx_local_type_template_args
    Feature record: CXX_FEATURE:0cxx_long_long_type
    Feature record: CXX_FEATURE:0cxx_noexcept
    Feature record: CXX_FEATURE:0cxx_nonstatic_member_init
    Feature record: CXX_FEATURE:0cxx_nullptr
    Feature record: CXX_FEATURE:0cxx_override
    Feature record: CXX_FEATURE:0cxx_range_for
    Feature record: CXX_FEATURE:0cxx_raw_string_literals
    Feature record: CXX_FEATURE:0cxx_reference_qualified_functions
    Feature record: CXX_FEATURE:0cxx_relaxed_constexpr
    Feature record: CXX_FEATURE:0cxx_return_type_deduction
    Feature record: CXX_FEATURE:0cxx_right_angle_brackets
    Feature record: CXX_FEATURE:0cxx_rvalue_references
    Feature record: CXX_FEATURE:0cxx_sizeof_member
    Feature record: CXX_FEATURE:0cxx_static_assert
    Feature record: CXX_FEATURE:0cxx_strong_enums
    Feature record: CXX_FEATURE:1cxx_template_template_parameters
    Feature record: CXX_FEATURE:0cxx_thread_local
    Feature record: CXX_FEATURE:0cxx_trailing_return_types
    Feature record: CXX_FEATURE:0cxx_unicode_literals
    Feature record: CXX_FEATURE:0cxx_uniform_initialization
    Feature record: CXX_FEATURE:0cxx_unrestricted_unions
    Feature record: CXX_FEATURE:0cxx_user_literals
    Feature record: CXX_FEATURE:0cxx_variable_templates
    Feature record: CXX_FEATURE:0cxx_variadic_macros
    Feature record: CXX_FEATURE:0cxx_variadic_templates
Determining if the function XOpenDisplay exists in the /usr/lib/x86_64-linux-gnu/libX11.so;/usr/lib/x86_64-linux-gnu/libXext.so passed with the following output:
Change Dir: /home/dkruger/git/StevensGameLib/src/opengl/build/CMakeFiles/CMakeTmp

Run Build Command:"/usr/bin/make" "cmTC_d67c2/fast"
/usr/bin/make -f CMakeFiles/cmTC_d67c2.dir/build.make CMakeFiles/cmTC_d67c2.dir/build
make[1]: Entering directory '/home/dkruger/git/StevensGameLib/src/opengl/build/CMakeFiles/CMakeTmp'
Building C object CMakeFiles/cmTC_d67c2.dir/CheckFunctionExists.c.o
/usr/bin/cc    -DCHECK_FUNCTION_EXISTS=XOpenDisplay   -o CMakeFiles/cmTC_d67c2.dir/CheckFunctionExists.c.o   -c /usr/share/cmake-3.5/Modules/CheckFunctionExists.c
Linking C executable cmTC_d67c2
/usr/bin/cmake -E cmake_link_script CMakeFiles/cmTC_d67c2.dir/link.txt --verbose=1
/usr/bin/cc   -DCHECK_FUNCTION_EXISTS=XOpenDisplay    CMakeFiles/cmTC_d67c2.dir/CheckFunctionExists.c.o  -o cmTC_d67c2 -rdynamic /usr/lib/x86_64-linux-gnu/libX11.so /usr/lib/x86_64-linux-gnu/libXext.so 
make[1]: Leaving directory '/home/dkruger/git/StevensGameLib/src/opengl/build/CMakeFiles/CMakeTmp'


Determining if the function gethostbyname exists passed with the following output:
Change Dir: /home/dkruger/git/StevensGameLib/src/opengl/build/CMakeFiles/CMakeTmp

Run Build Command:"/usr/bin/make" "cmTC_0170e/fast"
/usr/bin/make -f CMakeFiles/cmTC_0170e.dir/build.make CMakeFiles/cmTC_0170e.dir/build
make[1]: Entering directory '/home/dkruger/git/StevensGameLib/src/opengl/build/CMakeFiles/CMakeTmp'
Building C object CMakeFiles/cmTC_0170e.dir/CheckFunctionExists.c.o
/usr/bin/cc    -DCHECK_FUNCTION_EXISTS=gethostbyname   -o CMakeFiles/cmTC_0170e.dir/CheckFunctionExists.c.o   -c /usr/share/cmake-3.5/Modules/CheckFunctionExists.c
Linking C executable cmTC_0170e
/usr/bin/cmake -E cmake_link_script CMakeFiles/cmTC_0170e.dir/link.txt --verbose=1
/usr/bin/cc   -DCHECK_FUNCTION_EXISTS=gethostbyname    CMakeFiles/cmTC_0170e.dir/CheckFunctionExists.c.o  -o cmTC_0170e -rdynamic 
make[1]: Leaving directory '/home/dkruger/git/StevensGameLib/src/opengl/build/CMakeFiles/CMakeTmp'


Determining if the function connect exists passed with the following output:
Change Dir: /home/dkruger/git/StevensGameLib/src/opengl/build/CMakeFiles/CMakeTmp

Run Build Command:"/usr/bin/make" "cmTC_a31ac/fast"
/usr/bin/make -f CMakeFiles/cmTC_a31ac.dir/build.make CMakeFiles/cmTC_a31ac.dir/build
make[1]: Entering directory '/home/dkruger/git/StevensGameLib/src/opengl/build/CMakeFiles/CMakeTmp'
Building C object CMakeFiles/cmTC_a31ac.dir/CheckFunctionExists.c.o
/usr/bin/cc    -DCHECK_FUNCTION_EXISTS=connect   -o CMakeFiles/cmTC_a31ac.dir/CheckFunctionExists.c.o   -c /usr/share/cmake-3.5/Modules/CheckFunctionExists.c
Linking C executable cmTC_a31ac
/usr/bin/cmake -E cmake_link_script CMakeFiles/cmTC_a31ac.dir/link.txt --verbose=1
/usr/bin/cc   -DCHECK_FUNCTION_EXISTS=connect    CMakeFiles/cmTC_a31ac.dir/CheckFunctionExists.c.o  -o cmTC_a31ac -rdynamic 
make[1]: Leaving directory '/home/dkruger/git/StevensGameLib/src/opengl/build/CMakeFiles/CMakeTmp'


Determining if the function remove exists passed with the following output:
Change Dir: /home/dkruger/git/StevensGameLib/src/opengl/build/CMakeFiles/CMakeTmp

Run Build Command:"/usr/bin/make" "cmTC_fedb3/fast"
/usr/bin/make -f CMakeFiles/cmTC_fedb3.dir/build.make CMakeFiles/cmTC_fedb3.dir/build
make[1]: Entering directory '/home/dkruger/git/StevensGameLib/src/opengl/build/CMakeFiles/CMakeTmp'
Building C object CMakeFiles/cmTC_fedb3.dir/CheckFunctionExists.c.o
/usr/bin/cc    -DCHECK_FUNCTION_EXISTS=remove   -o CMakeFiles/cmTC_fedb3.dir/CheckFunctionExists.c.o   -c /usr/share/cmake-3.5/Modules/CheckFunctionExists.c
Linking C executable cmTC_fedb3
/usr/bin/cmake -E cmake_link_script CMakeFiles/cmTC_fedb3.dir/link.txt --verbose=1
/usr/bin/cc   -DCHECK_FUNCTION_EXISTS=remove    CMakeFiles/cmTC_fedb3.dir/CheckFunctionExists.c.o  -o cmTC_fedb3 -rdynamic 
make[1]: Leaving directory '/home/dkruger/git/StevensGameLib/src/opengl/build/CMakeFiles/CMakeTmp'


Determining if the function shmat exists passed with the following output:
Change Dir: /home/dkruger/git/StevensGameLib/src/opengl/build/CMakeFiles/CMakeTmp

Run Build Command:"/usr/bin/make" "cmTC_a688e/fast"
/usr/bin/make -f CMakeFiles/cmTC_a688e.dir/build.make CMakeFiles/cmTC_a688e.dir/build
make[1]: Entering directory '/home/dkruger/git/StevensGameLib/src/opengl/build/CMakeFiles/CMakeTmp'
Building C object CMakeFiles/cmTC_a688e.dir/CheckFunctionExists.c.o
/usr/bin/cc    -DCHECK_FUNCTION_EXISTS=shmat   -o CMakeFiles/cmTC_a688e.dir/CheckFunctionExists.c.o   -c /usr/share/cmake-3.5/Modules/CheckFunctionExists.c
Linking C executable cmTC_a688e
/usr/bin/cmake -E cmake_link_script CMakeFiles/cmTC_a688e.dir/link.txt --verbose=1
/usr/bin/cc   -DCHECK_FUNCTION_EXISTS=shmat    CMakeFiles/cmTC_a688e.dir/CheckFunctionExists.c.o  -o cmTC_a688e -rdynamic 
make[1]: Leaving directory '/home/dkruger/git/StevensGameLib/src/opengl/build/CMakeFiles/CMakeTmp'


Determining if the function IceConnectionNumber exists in the ICE passed with the following output:
Change Dir: /home/dkruger/git/StevensGameLib/src/opengl/build/CMakeFiles/CMakeTmp

Run Build Command:"/usr/bin/make" "cmTC_ae220/fast"
/usr/bin/make -f CMakeFiles/cmTC_ae220.dir/build.make CMakeFiles/cmTC_ae220.dir/build
make[1]: Entering directory '/home/dkruger/git/StevensGameLib/src/opengl/build/CMakeFiles/CMakeTmp'
Building C object CMakeFiles/cmTC_ae220.dir/CheckFunctionExists.c.o
/usr/bin/cc    -DCHECK_FUNCTION_EXISTS=IceConnectionNumber   -o CMakeFiles/cmTC_ae220.dir/CheckFunctionExists.c.o   -c /usr/share/cmake-3.5/Modules/CheckFunctionExists.c
Linking C executable cmTC_ae220
/usr/bin/cmake -E cmake_link_script CMakeFiles/cmTC_ae220.dir/link.txt --verbose=1
/usr/bin/cc   -DCHECK_FUNCTION_EXISTS=IceConnectionNumber    CMakeFiles/cmTC_ae220.dir/CheckFunctionExists.c.o  -o cmTC_ae220 -rdynamic -lICE 
make[1]: Leaving directory '/home/dkruger/git/StevensGameLib/src/opengl/build/CMakeFiles/CMakeTmp'


Determining if the include file pthread.h exists passed with the following output:
Change Dir: /home/dkruger/git/StevensGameLib/src/opengl/build/CMakeFiles/CMakeTmp

Run Build Command:"/usr/bin/make" "cmTC_854b4/fast"
/usr/bin/make -f CMakeFiles/cmTC_854b4.dir/build.make CMakeFiles/cmTC_854b4.dir/build
make[1]: Entering directory '/home/dkruger/git/StevensGameLib/src/opengl/build/CMakeFiles/CMakeTmp'
Building C object CMakeFiles/cmTC_854b4.dir/CheckIncludeFile.c.o
/usr/bin/cc     -o CMakeFiles/cmTC_854b4.dir/CheckIncludeFile.c.o   -c /home/dkruger/git/StevensGameLib/src/opengl/build/CMakeFiles/CMakeTmp/CheckIncludeFile.c
Linking C executable cmTC_854b4
/usr/bin/cmake -E cmake_link_script CMakeFiles/cmTC_854b4.dir/link.txt --verbose=1
/usr/bin/cc       CMakeFiles/cmTC_854b4.dir/CheckIncludeFile.c.o  -o cmTC_854b4 -rdynamic 
make[1]: Leaving directory '/home/dkruger/git/StevensGameLib/src/opengl/build/CMakeFiles/CMakeTmp'


Determining if the function pthread_create exists in the pthread passed with the following output:
Change Dir: /home/dkruger/git/StevensGameLib/src/opengl/build/CMakeFiles/CMakeTmp

Run Build Command:"/usr/bin/make" "cmTC_07ad9/fast"
/usr/bin/make -f CMakeFiles/cmTC_07ad9.dir/build.make CMakeFiles/cmTC_07ad9.dir/build
make[1]: Entering directory '/home/dkruger/git/StevensGameLib/src/opengl/build/CMakeFiles/CMakeTmp'
Building C object CMakeFiles/cmTC_07ad9.dir/CheckFunctionExists.c.o
/usr/bin/cc    -DCHECK_FUNCTION_EXISTS=pthread_create   -o CMakeFiles/cmTC_07ad9.dir/CheckFunctionExists.c.o   -c /usr/share/cmake-3.5/Modules/CheckFunctionExists.c
Linking C executable cmTC_07ad9
/usr/bin/cmake -E cmake_link_script CMakeFiles/cmTC_07ad9.dir/link.txt --verbose=1
/usr/bin/cc   -DCHECK_FUNCTION_EXISTS=pthread_create    CMakeFiles/cmTC_07ad9.dir/CheckFunctionExists.c.o  -o cmTC_07ad9 -rdynamic -lpthread 
make[1]: Leaving directory '/home/dkruger/git/StevensGameLib/src/opengl/build/CMakeFiles/CMakeTmp'


Determining if the include file unistd.h exists passed with the following output:
Change Dir: /home/dkruger/git/StevensGameLib/src/opengl/build/CMakeFiles/CMakeTmp

Run Build Command:"/usr/bin/make" "cmTC_063c5/fast"
/usr/bin/make -f CMakeFiles/cmTC_063c5.dir/build.make CMakeFiles/cmTC_063c5.dir/build
make[1]: Entering directory '/home/dkruger/git/StevensGameLib/src/opengl/build/CMakeFiles/CMakeTmp'
Building C object CMakeFiles/cmTC_063c5.dir/CheckIncludeFile.c.o
/usr/bin/cc     -o CMakeFiles/cmTC_063c5.dir/CheckIncludeFile.c.o   -c /home/dkruger/git/StevensGameLib/src/opengl/build/CMakeFiles/CMakeTmp/CheckIncludeFile.c
Linking C executable cmTC_063c5
/usr/bin/cmake -E cmake_link_script CMakeFiles/cmTC_063c5.dir/link.txt --verbose=1
/usr/bin/cc       CMakeFiles/cmTC_063c5.dir/CheckIncludeFile.c.o  -o cmTC_063c5 -rdynamic 
make[1]: Leaving directory '/home/dkruger/git/StevensGameLib/src/opengl/build/CMakeFiles/CMakeTmp'


Determining if the include file fcntl.h exists passed with the following output:
Change Dir: /home/dkruger/git/StevensGameLib/src/opengl/build/CMakeFiles/CMakeTmp

Run Build Command:"/usr/bin/make" "cmTC_21d4c/fast"
/usr/bin/make -f CMakeFiles/cmTC_21d4c.dir/build.make CMakeFiles/cmTC_21d4c.dir/build
make[1]: Entering directory '/home/dkruger/git/StevensGameLib/src/opengl/build/CMakeFiles/CMakeTmp'
Building C object CMakeFiles/cmTC_21d4c.dir/CheckIncludeFile.c.o
/usr/bin/cc     -o CMakeFiles/cmTC_21d4c.dir/CheckIncludeFile.c.o   -c /home/dkruger/git/StevensGameLib/src/opengl/build/CMakeFiles/CMakeTmp/CheckIncludeFile.c
Linking C executable cmTC_21d4c
/usr/bin/cmake -E cmake_link_script CMakeFiles/cmTC_21d4c.dir/link.txt --verbose=1
/usr/bin/cc       CMakeFiles/cmTC_21d4c.dir/CheckIncludeFile.c.o  -o cmTC_21d4c -rdynamic 
make[1]: Leaving directory '/home/dkruger/git/StevensGameLib/src/opengl/build/CMakeFiles/CMakeTmp'


Determining if the include file stdint.h exists passed with the following output:
Change Dir: /home/dkruger/git/StevensGameLib/src/opengl/build/CMakeFiles/CMakeTmp

Run Build Command:"/usr/bin/make" "cmTC_892a2/fast"
/usr/bin/make -f CMakeFiles/cmTC_892a2.dir/build.make CMakeFiles/cmTC_892a2.dir/build
make[1]: Entering directory '/home/dkruger/git/StevensGameLib/src/opengl/build/CMakeFiles/CMakeTmp'
Building C object CMakeFiles/cmTC_892a2.dir/CheckIncludeFile.c.o
/usr/bin/cc     -o CMakeFiles/cmTC_892a2.dir/CheckIncludeFile.c.o   -c /home/dkruger/git/StevensGameLib/src/opengl/build/CMakeFiles/CMakeTmp/CheckIncludeFile.c
Linking C executable cmTC_892a2
/usr/bin/cmake -E cmake_link_script CMakeFiles/cmTC_892a2.dir/link.txt --verbose=1
/usr/bin/cc       CMakeFiles/cmTC_892a2.dir/CheckIncludeFile.c.o  -o cmTC_892a2 -rdynamic 
make[1]: Leaving directory '/home/dkruger/git/StevensGameLib/src/opengl/build/CMakeFiles/CMakeTmp'


Determining if the include file sys/types.h exists passed with the following output:
Change Dir: /home/dkruger/git/StevensGameLib/src/opengl/build/CMakeFiles/CMakeTmp

Run Build Command:"/usr/bin/make" "cmTC_83ef4/fast"
/usr/bin/make -f CMakeFiles/cmTC_83ef4.dir/build.make CMakeFiles/cmTC_83ef4.dir/build
make[1]: Entering directory '/home/dkruger/git/StevensGameLib/src/opengl/build/CMakeFiles/CMakeTmp'
Building C object CMakeFiles/cmTC_83ef4.dir/CheckIncludeFile.c.o
/usr/bin/cc     -o CMakeFiles/cmTC_83ef4.dir/CheckIncludeFile.c.o   -c /home/dkruger/git/StevensGameLib/src/opengl/build/CMakeFiles/CMakeTmp/CheckIncludeFile.c
Linking C executable cmTC_83ef4
/usr/bin/cmake -E cmake_link_script CMakeFiles/cmTC_83ef4.dir/link.txt --verbose=1
/usr/bin/cc       CMakeFiles/cmTC_83ef4.dir/CheckIncludeFile.c.o  -o cmTC_83ef4 -rdynamic 
make[1]: Leaving directory '/home/dkruger/git/StevensGameLib/src/opengl/build/CMakeFiles/CMakeTmp'


Determining if the include file stddef.h exists passed with the following output:
Change Dir: /home/dkruger/git/StevensGameLib/src/opengl/build/CMakeFiles/CMakeTmp

Run Build Command:"/usr/bin/make" "cmTC_78cc7/fast"
/usr/bin/make -f CMakeFiles/cmTC_78cc7.dir/build.make CMakeFiles/cmTC_78cc7.dir/build
make[1]: Entering directory '/home/dkruger/git/StevensGameLib/src/opengl/build/CMakeFiles/CMakeTmp'
Building C object CMakeFiles/cmTC_78cc7.dir/CheckIncludeFile.c.o
/usr/bin/cc     -o CMakeFiles/cmTC_78cc7.dir/CheckIncludeFile.c.o   -c /home/dkruger/git/StevensGameLib/src/opengl/build/CMakeFiles/CMakeTmp/CheckIncludeFile.c
Linking C executable cmTC_78cc7
/usr/bin/cmake -E cmake_link_script CMakeFiles/cmTC_78cc7.dir/link.txt --verbose=1
/usr/bin/cc       CMakeFiles/cmTC_78cc7.dir/CheckIncludeFile.c.o  -o cmTC_78cc7 -rdynamic 
make[1]: Leaving directory '/home/dkruger/git/StevensGameLib/src/opengl/build/CMakeFiles/CMakeTmp'


Determining size of off64_t passed with the following output:
Change Dir: /home/dkruger/git/StevensGameLib/src/opengl/build/CMakeFiles/CMakeTmp

Run Build Command:"/usr/bin/make" "cmTC_d9cc2/fast"
/usr/bin/make -f CMakeFiles/cmTC_d9cc2.dir/build.make CMakeFiles/cmTC_d9cc2.dir/build
make[1]: Entering directory '/home/dkruger/git/StevensGameLib/src/opengl/build/CMakeFiles/CMakeTmp'
Building C object CMakeFiles/cmTC_d9cc2.dir/OFF64_T.c.o
/usr/bin/cc  -DHAVE_STDDEF_H -DHAVE_STDINT_H -DHAVE_SYS_TYPES_H -D_LARGEFILE64_SOURCE=1   -o CMakeFiles/cmTC_d9cc2.dir/OFF64_T.c.o   -c /home/dkruger/git/StevensGameLib/src/opengl/build/CMakeFiles/CheckTypeSize/OFF64_T.c
Linking C executable cmTC_d9cc2
/usr/bin/cmake -E cmake_link_script CMakeFiles/cmTC_d9cc2.dir/link.txt --verbose=1
/usr/bin/cc       CMakeFiles/cmTC_d9cc2.dir/OFF64_T.c.o  -o cmTC_d9cc2 -rdynamic 
make[1]: Leaving directory '/home/dkruger/git/StevensGameLib/src/opengl/build/CMakeFiles/CMakeTmp'


Determining if the function fseeko exists passed with the following output:
Change Dir: /home/dkruger/git/StevensGameLib/src/opengl/build/CMakeFiles/CMakeTmp

Run Build Command:"/usr/bin/make" "cmTC_b14d2/fast"
/usr/bin/make -f CMakeFiles/cmTC_b14d2.dir/build.make CMakeFiles/cmTC_b14d2.dir/build
make[1]: Entering directory '/home/dkruger/git/StevensGameLib/src/opengl/build/CMakeFiles/CMakeTmp'
Building C object CMakeFiles/cmTC_b14d2.dir/CheckFunctionExists.c.o
/usr/bin/cc    -DCHECK_FUNCTION_EXISTS=fseeko   -o CMakeFiles/cmTC_b14d2.dir/CheckFunctionExists.c.o   -c /usr/share/cmake-3.5/Modules/CheckFunctionExists.c
Linking C executable cmTC_b14d2
/usr/bin/cmake -E cmake_link_script CMakeFiles/cmTC_b14d2.dir/link.txt --verbose=1
/usr/bin/cc   -DCHECK_FUNCTION_EXISTS=fseeko    CMakeFiles/cmTC_b14d2.dir/CheckFunctionExists.c.o  -o cmTC_b14d2 -rdynamic 
make[1]: Leaving directory '/home/dkruger/git/StevensGameLib/src/opengl/build/CMakeFiles/CMakeTmp'


Determining if the include file unistd.h exists passed with the following output:
Change Dir: /home/dkruger/git/StevensGameLib/src/opengl/build/CMakeFiles/CMakeTmp

Run Build Command:"/usr/bin/make" "cmTC_936e7/fast"
/usr/bin/make -f CMakeFiles/cmTC_936e7.dir/build.make CMakeFiles/cmTC_936e7.dir/build
make[1]: Entering directory '/home/dkruger/git/StevensGameLib/src/opengl/build/CMakeFiles/CMakeTmp'
Building C object CMakeFiles/cmTC_936e7.dir/CheckIncludeFile.c.o
/usr/bin/cc     -o CMakeFiles/cmTC_936e7.dir/CheckIncludeFile.c.o   -c /home/dkruger/git/StevensGameLib/src/opengl/build/CMakeFiles/CMakeTmp/CheckIncludeFile.c
Linking C executable cmTC_936e7
/usr/bin/cmake -E cmake_link_script CMakeFiles/cmTC_936e7.dir/link.txt --verbose=1
/usr/bin/cc       CMakeFiles/cmTC_936e7.dir/CheckIncludeFile.c.o  -o cmTC_936e7 -rdynamic 
make[1]: Leaving directory '/home/dkruger/git/StevensGameLib/src/opengl/build/CMakeFiles/CMakeTmp'


